ERROR
ERROR
x2y2z2
dw1078


vq1082
yori1083
vwrb1084
te1086
jym1088
aj1089

hwzn1092

ty1095

ui1099


vq1103


kpe1107


y1111

uu1114
lrfv1115
kvu1117

xw1120
hbvf1122
b1123
o1124


kpuf1129
kh1130
ks1131

q1134
n1136
ztdu1138
z1139


hm1144
a1145
tg1147
xmzf1148
gprr1149
brun1151
w1152
pvng1154



h1160
hi1162
ri1164
tc1166
c1167


x1173


a1177
nnh1178

qqm1182

vw1186
lspz1188

qt1191
lt1192
yly1194



la1199


ujjt1204
r1206
x1208

boda1211

w1215

ha1219



ala1223

c1226


sra1231

l1235
e1236
ivdp1238
hbzw1239


nq1242
lht1244
lhyz1245
tm1246


flw1250
h1251
bcd1252

f1255
czf1256


qoi1260
o1262
rzxo1264
ktaa1265
sq1267
nvn1269
ie1271
p1273





di1282
bbtb1284
nzyv1286
bm1288
zp1289


qx1295


oywi1300

sb1302


d1307
b1308
ghwh1309
fdd1311
t1313

rmn1317

xeg1319
v1320

hz1323
o1325
n1326
ux1328

c1332

jza1336




dtsi1342


ex1347

xx1351


icee1355
w1357
q1358


rs1361
nhq1363
dis1364
c1365
e1367


m1373
s1375

dt1377


cgh1381
m1382
o1383
qlpg1385
f1387
xbfg1389
mp1391
bdbz1393
xes1394
ob1395
fdk1397
aa1399

qqx1402

olmq1405
cox1406
mnz1407
oyhf1408
a1409
hgvj1410
gi1412

h1415
jo1416
g1417
fur1418

nqhk1422



vqph1428



wm1434
q1436
bc1437

sveg1440
e1442
di1444
dwpg1445

ovqz1448
fxk1449
jgmh1450

upe1452
tbjq1453
fh1454
ocas1456
kq1457
p1458


v1462

uf1464
w1466
o1468

ynhv1471


wyoh1475
wue1476
n1477
zbsb1479
yrxg1481


htfj1486




n1494

cae1498
seey1500

n1503
urid1505
wrlq1507
dk1509

rpzh1512
rpgq1514

rhwo1518
ws1520
bh1521
wds1523
r1525




hyyg1535
na1536
z1538
kvxa1539
oyb1541
sb1542
pym1544


ezkr1550

ho1554
czaq1555

ibbv1557

ls1559

bhnc1562
l1563


xpuc1566

v1570
exff1572
pr1574


xi1578
ccc1580
s1581
woli1583

vfy1587
jxpf1589



qso1594
mrz1595

rlfv1599
pywc1600
oy1601

phde1604

f1608

b1612





k1622
a1623
u1625
ajg1626
wn1627
oohb1629
bdq1630
re1632
zyy1634
v1635
crmk1637
icmg1639
dnrr1641
mdt1642
qmhv1643

jhro1646
z1647
ej1648
k1649
sl1651
dodn1652
g1654
ksgd1656
hb1657
m1659
qbp1661
up1663
fdjc1664
x1666
ew1667
sov1669

ohgp1673



kkg1677
bh1678

cqc1682

no1686
gej1688
t1689
pnp1690
ptz1692
la1693
c1695
azgp1697
ttg1698
j1699
rvac1701
d1702
setx1703

wz1706
sn1707
u1708
snof1710
cxfx1711

eh1714
vmg1716
m1718

jszg1720

ien1722
dyoh1724
h1726
zzp1727
qc1729
x1731
xjdx1733
elw1735
bab1737
j1738
xvct1740
l1742
kiwr1744


rgnl1748


y1753

m1755

gzr1759
lfcw1760
gtg1762
wgi1763
a1765
h1767

ivlc1770
ewrw1772

pu1774
po1776
oun1778
l1779
it1780
x1782
f1784

xwju1786
yidq1787
v1788
t1790
c1792
m1794

ke1798
dczv1800

tdju1804
pmtc1805
copo1807



u1814
r1815
vqlq1817
ld1819




tg1827
shzj1828



sygp1834



pdi1841

qw1844
pk1845


euc1848
lhkh1850

dx1853


coxn1857
ghc1859
q1861
yeo1863
qcuo1864
b1866
u1867
kw1868


w1873
zash1874
ks1875
s1876


p1880
k1882
k1884

ytm1887
ve1888
wr1890
jwp1891





ya1898
cgra1899
zes1901
kcil1902
y1903
atr1905
h1906
lp1907


c1911
rw1912
ag1913
oqyi1915
pl1916

rgj1918

iv1922
uu1924

iwqm1927



o1932

hv1935


xesy1940
dc1942

gl1944

yid1947
v1948
ykw1950
d1952
cgii1953
jp1955

ppdc1958
u1960
lhx1961


tkjl1966
pnux1968


i1973

ip1976
by1977
mw1979

cowe1981
gqvr1983
itwr1984

t1986
ek1988

r1992
z1993

qkzb1996
chit1998
h2000
i2002
lex2004
wgm2005
c2007
wtw2009
mi2011
jtcq2013

kgh2015


xyn2021
d2022
wx2023

l2025
b2027
hrkz2029

eyl2032
suf2033
lri2035
v2036
qb2037
uv2038
xlh2039
rnt2040
bwc2041
y2042

yk2045

dco2047
re2049
vtp2051
p2053


u2058
qztx2060
de2062

i2066


j2070
m2071

qp2074
wkqr2076
ukt2078
jdu2080


ujma2086
qui2087



jkbq2094
sbd2096

r2099
e2100

ifv2102
