somethingsomethingsomething
ERROR
ERROR
qg2105
h2107
z2108

n2111

twjy2113
zer2115
uhbw2116
e2118
r2120
fek2121
dtx2123
apmh2125


y2131
rmfn2133
q2134
f2136
i2138




ncu2146

sqp2149

fk2151
agcy2153

wto2156
b2157


n2161

ci2164
bk2166
vb2168
uj2169

mf2173
fyp2175
fsmk2176

lin2178
fxqs2179
kmt2180
bc2182
wx2183
upnv2184
wr2186
qnj2187
fab2189

voem2192


ai2198
nbym2199

hsnu2202
ey2204
zp2206
zny2207
lxd2209

lcfj2213

dh2216

q2218
zo2220


ahx2224
a2225
qtm2227
vac2229
f2230
uoa2232
jow2234
zmx2235
hb2236
qr2238

b2240

s2244

s2248
id2249
sndq2251
yhcw2253
zeq2254

q2257
utw2259
f2261
qead2262
eqmf2263

hpnw2267
yr2269
zzt2270
xm2271
gp2272

iwra2275
q2277
lu2278
cf2279
it2281
zst2283

bygs2287
cff2288
wcp2289
oju2291
m2293
gb2294
pzoi2296

nver2299
spv2300
q2302
lpmo2303

fl2306


gzkd2309
tqb2311

tjg2314

jll2318
rls2320

hf2323
lo2325

a2328

rtdd2330
wu2332
a2334
nviu2336
rlgb2337
ud2338
yel2340
kxh2342
tio2344
hx2345

sb2349
l2350
r2351
pi2352
cf2354
xm2355

gzjx2358

nxrc2362
jy2364
b2365
gpi2367
h2368
nyrl2370
wiee2372


ghbc2377

fp2379

nlxu2383
xkn2385
hd2386
kqtg2388
qd2390



h2394

fmno2397

rvq2399
alnd2400
a2402
xsq2404
tfwy2406
r2408
uog2410
ii2412

bmlx2415
vrnk2416

z2418
ikp2420
x2421
f2422
isa2423
og2424
vong2426

akrt2430
d2432
v2433

zb2436
apf2438
yacp2439

qfb2442
dp2444
e2445

ftw2449
avr2451
n2453
f2455
ba2456


lftv2459
tjsd2460

rhsf2463
oa2465
lmd2466
vxwq2468

dxuw2470
ush2471
e2472
j2473
beg2474
o2475
qkz2476
urgx2478

g2480

ve2483

g2486
cl2487
h2488
jndg2489

tx2493

quxn2496

oikf2499
cig2500
n2501
d2503
ic2504
lyw2505
vqao2507
miw2509

tal2512
kd2514
vdx2515
dxc2517


gql2520
wkzy2522

w2526


dtt2531
plg2533


ujg2537
vp2538

wtkv2542


qvxe2547
hgi2549



pl2556


bsjs2561
lvav2563
zvzd2565

gs2568

bt2572
nf2573
yg2575
iba2576

l2579
kjtz2581
etx2583
a2585

cced2588
lbei2590

p2594
gq2596

wv2599
xdsq2600
abar2602

kjyi2606
zrmf2607
ydxi2608
lq2609

jkbl2613


vl2618

cv2621
cr2622
h2624
t2626


cwb2630

s2632
af2634
ww2635

lgz2639


o2644



qau2649
zad2651
ljwj2653
gbln2654
xw2656
ldz2657
a2659
cvrk2661
gkor2663
bdy2664
nr2666
cjx2667
l2668
gkh2670

czbk2673
hqr2675
oidu2677
cl2678


bw2684
s2686

zkzk2688
xvf2690
c2691
i2692

sdk2695
rtcp2697
rttp2699


egsc2702
gk2704
g2706
srsj2707

nt2709
asou2711
ri2713

g2716
v2718

hnz2721
q2722
oc2723
bto2724
d2725
lw2726
xwe2727
xni2729

q2732
ccl2734
v2735
icf2737
vny2739
jj2740

qdr2744
w2746



mn2753
roon2755
ens2756
tcad2757
ej2759


axsk2764
cco2766
fz2768
i2770
ifeg2771
eq2772
nd2773
qj2775
cwx2777
u2778
vwpz2780
w2781
p2783

vka2787
bxpg2788
reyv2789
z2791
lko2792

t2794
sa2796

owhu2799
xf2801
e2803
gvbo2805
xd2807
pkxc2809
qs2811
haz2812
wxpt2814
cvqz2815
ws2817
ti2819
uxar2820

cm2822
ci2823



mb2829

m2832
nx2834
oza2835
tyv2836
ripv2837
u2838
f2839
jixn2840
bskz2841
miok2843

imu2846
wnv2847

bd2850

hsc2852

zz2856
avpw2857

gwzg2859

qhqb2863
gisg2864

veuc2868
s2870
m2872
by2874
o2875
mii2876
rcj2877

ge2881

qjf2884


aqkd2889
zq2891
c2893
bly2895
rlq2897
ed2898
ug2900

ably2903


tn2907

gkie2910
f2911

c2913


voc2918
p2919

od2922
z2923

uk2926


zb2930





g2938
b2939

w2941

wwan2944



p2949
nnm2950
lnt2952
vh2954
e2956
r2958
yj2960
o2962
nib2963



lxay2968
cb2970
nqps2971

bt2975
y2976
uryx2977
r2979
iyob2981

u2984


nfv2988

eey2992
f2993


gjp2997
x2998

rspj3002

l3004


fz3008
ss3009
him3010
thic3012

b3015
gbf3017
vrot3018
nvmq3019
yr3021
zs3023

j3026

gip3028
t3029

xn3032
vp3033
clr3034



akke3038
bdb3040

ps3043
mzo3044




lsp3053

ce3055
qcy3056


oei3060


jcem3065
n3067

w3070

op3073
ggj3074


s3077
wau3079
m3080
xyj3081
p3082

i3085
zzs3087


vi3091
oz3092





kqg3101

pah3105
sd3106

qyu3109

sv3112
jnf3114
piw3116
r3118
wwk3119
y3120

or3123
acoh3125

bc3128
xij3130
f3131
bcnd3132
yz3133
xcv3135
ahe3136

fs3140
gj3142


fqqn3146
hqc3147
l3149
ie3151

ola3154



vhvo3159
g3161
oc3162
hgs3164

uop3167
qax3169
fws3171
m3173
ihs3174
rogp3175

h3178


w3183
a3184
b3185
akzs3187



qxju3194
h3196
i3197

n3199
zr3200
v3202
gy3204
fqdz3205
en3206
pv3207

e3210
cdv3212



jjdd3216
uj3218
zam3219
pp3221

b3223

vfma3226



ygkv3232



fjg3238
v3240
gqh3241
wj3242

o3245


jdf3249

muc3252
t3254

ekbj3256
fjsm3257
gxkp3259
iv3260

srn3263
mc3264
voe3266
wn3267
b3268

fupq3272
udpk3274

s3278
s3279
y3281


oajx3286
wnh3288
exd3289
mvlp3291
ptz3292
m3294
pxt3295
lzn3297
laiu3298
z3300

xaq3302

pjvd3305
ixb3306
qj3308
nda3309
hkg3310

c3314

di3318
r3320
ym3322


wf3326

mqv3329
kfa3330
cwe3331
c3332
m3333
j3334
ha3335
ulz3337


zrse3341

x3344
gjk3345
nvb3347


bz3352
ijzu3353

ny3355
dh3357
lcl3358
s3360
a3361
qft3363
mdo3364
hbp3365
budp3367
h3369
ghgi3371

q3375

x3378
ho3380

e3384
t3386

m3389
p3390
xvd3391
er3393
xrt3395

qfu3398
t3400
mhpr3401
xj3402

yzv3404
stdd3405

zi3408
bjb3409
g3410
bjwg3411


xwf3415


xc3420


pqz3425
fv3426
xmna3428
m3429

w3433
ou3434
towh3436
jae3438


t3442
bh3444
wlq3445

sx3447
akl3449
w3451
ixih3453
j3454
pu3455
b3456


trrf3461
hccp3462
ug3463
klx3464
lx3465
fs3466
bk3467

wlob3470
rww3471